# JRE version: OpenJDK Runtime Environment (8.0_212-b04) (build 1.8.0_212-b04)
# Java VM: OpenJDK 64-Bit Server VM (25.212-b04 mixed mode linux-amd64 compressed oops)
Heap:
 PSYoungGen      total 202752K, used 13287K [0x00000000d6f80000, 0x00000000e4280000, 0x0000000100000000)
  eden space 189440K, 0% used [0x00000000d6f80000,0x00000000d6f80000,0x00000000e2880000)
  from space 13312K, 99% used [0x00000000e2880000,0x00000000e3579ff8,0x00000000e3580000)
  to   space 9728K, 0% used [0x00000000e3900000,0x00000000e3900000,0x00000000e4280000)
 ParOldGen       total 90624K, used 31505K [0x0000000084e00000, 0x000000008a680000, 0x00000000d6f80000)
  object space 90624K, 34% used [0x0000000084e00000,0x0000000086cc4790,0x000000008a680000)
 Metaspace       used 54859K, capacity 57310K, committed 57472K, reserved 1099776K
  class space    used 7307K, capacity 7749K, committed 7808K, reserved 1048576K
GC Heap History (10 events):
Event: 2,447 GC heap after
Heap after GC invocations=4 (full 0):
 PSYoungGen      total 132096K, used 5115K [0x00000000d6f80000, 0x00000000df580000, 0x0000000100000000)
  eden space 126976K, 0% used [0x00000000d6f80000,0x00000000d6f80000,0x00000000deb80000)
  from space 5120K, 99% used [0x00000000df080000,0x00000000df57ef60,0x00000000df580000)
  to   space 5120K, 0% used [0x00000000deb80000,0x00000000deb80000,0x00000000df080000)
 ParOldGen       total 84992K, used 6867K [0x0000000084e00000, 0x000000008a100000, 0x00000000d6f80000)
  object space 84992K, 8% used [0x0000000084e00000,0x00000000854b4eb0,0x000000008a100000)
 Metaspace       used 20592K, capacity 21128K, committed 21248K, reserved 1067008K
  class space    used 2593K, capacity 2760K, committed 2816K, reserved 1048576K
}
Event: 2,448 GC heap before
{Heap before GC invocations=5 (full 1):
 PSYoungGen      total 132096K, used 5115K [0x00000000d6f80000, 0x00000000df580000, 0x0000000100000000)
  eden space 126976K, 0% used [0x00000000d6f80000,0x00000000d6f80000,0x00000000deb80000)
  from space 5120K, 99% used [0x00000000df080000,0x00000000df57ef60,0x00000000df580000)
  to   space 5120K, 0% used [0x00000000deb80000,0x00000000deb80000,0x00000000df080000)
 ParOldGen       total 84992K, used 6867K [0x0000000084e00000, 0x000000008a100000, 0x00000000d6f80000)
  object space 84992K, 8% used [0x0000000084e00000,0x00000000854b4eb0,0x000000008a100000)
 Metaspace       used 20592K, capacity 21128K, committed 21248K, reserved 1067008K
  class space    used 2593K, capacity 2760K, committed 2816K, reserved 1048576K
Event: 2,511 GC heap after
Heap after GC invocations=5 (full 1):
 PSYoungGen      total 132096K, used 0K [0x00000000d6f80000, 0x00000000df580000, 0x0000000100000000)
  eden space 126976K, 0% used [0x00000000d6f80000,0x00000000d6f80000,0x00000000deb80000)
  from space 5120K, 0% used [0x00000000df080000,0x00000000df080000,0x00000000df580000)
  to   space 5120K, 0% used [0x00000000deb80000,0x00000000deb80000,0x00000000df080000)
 ParOldGen       total 55808K, used 5843K [0x0000000084e00000, 0x0000000088480000, 0x00000000d6f80000)
  object space 55808K, 10% used [0x0000000084e00000,0x00000000853b4ea8,0x0000000088480000)
 Metaspace       used 20590K, capacity 21122K, committed 21248K, reserved 1067008K
  class space    used 2593K, capacity 2759K, committed 2816K, reserved 1048576K
}
Event: 118,570 GC heap before
{Heap before GC invocations=6 (full 1):
 PSYoungGen      total 132096K, used 126976K [0x00000000d6f80000, 0x00000000df580000, 0x0000000100000000)
  eden space 126976K, 100% used [0x00000000d6f80000,0x00000000deb80000,0x00000000deb80000)
  from space 5120K, 0% used [0x00000000df080000,0x00000000df080000,0x00000000df580000)
  to   space 5120K, 0% used [0x00000000deb80000,0x00000000deb80000,0x00000000df080000)
 ParOldGen       total 55808K, used 5843K [0x0000000084e00000, 0x0000000088480000, 0x00000000d6f80000)
  object space 55808K, 10% used [0x0000000084e00000,0x00000000853b4ea8,0x0000000088480000)
 Metaspace       used 30913K, capacity 32360K, committed 32384K, reserved 1077248K
  class space    used 3906K, capacity 4200K, committed 4224K, reserved 1048576K
Event: 118,591 GC heap after
Heap after GC invocations=6 (full 1):
 PSYoungGen      total 132096K, used 5092K [0x00000000d6f80000, 0x00000000e4700000, 0x0000000100000000)
  eden space 126976K, 0% used [0x00000000d6f80000,0x00000000d6f80000,0x00000000deb80000)
  from space 5120K, 99% used [0x00000000deb80000,0x00000000df079178,0x00000000df080000)
  to   space 14336K, 0% used [0x00000000e3900000,0x00000000e3900000,0x00000000e4700000)
 ParOldGen       total 55808K, used 14388K [0x0000000084e00000, 0x0000000088480000, 0x00000000d6f80000)
  object space 55808K, 25% used [0x0000000084e00000,0x0000000085c0d0d0,0x0000000088480000)
 Metaspace       used 30913K, capacity 32360K, committed 32384K, reserved 1077248K
  class space    used 3906K, capacity 4200K, committed 4224K, reserved 1048576K
}
Event: 119,445 GC heap before
{Heap before GC invocations=7 (full 1):
 PSYoungGen      total 132096K, used 71209K [0x00000000d6f80000, 0x00000000e4700000, 0x0000000100000000)
  eden space 126976K, 52% used [0x00000000d6f80000,0x00000000db0113b0,0x00000000deb80000)
  from space 5120K, 99% used [0x00000000deb80000,0x00000000df079178,0x00000000df080000)
  to   space 14336K, 0% used [0x00000000e3900000,0x00000000e3900000,0x00000000e4700000)
 ParOldGen       total 55808K, used 14388K [0x0000000084e00000, 0x0000000088480000, 0x00000000d6f80000)
  object space 55808K, 25% used [0x0000000084e00000,0x0000000085c0d0d0,0x0000000088480000)
 Metaspace       used 33794K, capacity 35296K, committed 35416K, reserved 1081344K
  class space    used 4231K, capacity 4520K, committed 4608K, reserved 1048576K
Event: 119,461 GC heap after
Heap after GC invocations=7 (full 1):
 PSYoungGen      total 199168K, used 8662K [0x00000000d6f80000, 0x00000000e4280000, 0x0000000100000000)
  eden space 189440K, 0% used [0x00000000d6f80000,0x00000000d6f80000,0x00000000e2880000)
  from space 9728K, 89% used [0x00000000e3900000,0x00000000e4175af8,0x00000000e4280000)
  to   space 13312K, 0% used [0x00000000e2880000,0x00000000e2880000,0x00000000e3580000)
 ParOldGen       total 55808K, used 14396K [0x0000000084e00000, 0x0000000088480000, 0x00000000d6f80000)
  object space 55808K, 25% used [0x0000000084e00000,0x0000000085c0f0d0,0x0000000088480000)
 Metaspace       used 33794K, capacity 35296K, committed 35416K, reserved 1081344K
  class space    used 4231K, capacity 4520K, committed 4608K, reserved 1048576K
}
Event: 119,461 GC heap before
{Heap before GC invocations=8 (full 2):
 PSYoungGen      total 199168K, used 8662K [0x00000000d6f80000, 0x00000000e4280000, 0x0000000100000000)
  eden space 189440K, 0% used [0x00000000d6f80000,0x00000000d6f80000,0x00000000e2880000)
  from space 9728K, 89% used [0x00000000e3900000,0x00000000e4175af8,0x00000000e4280000)
  to   space 13312K, 0% used [0x00000000e2880000,0x00000000e2880000,0x00000000e3580000)
 ParOldGen       total 55808K, used 14396K [0x0000000084e00000, 0x0000000088480000, 0x00000000d6f80000)
  object space 55808K, 25% used [0x0000000084e00000,0x0000000085c0f0d0,0x0000000088480000)
 Metaspace       used 33794K, capacity 35296K, committed 35416K, reserved 1081344K
  class space    used 4231K, capacity 4520K, committed 4608K, reserved 1048576K
Event: 119,565 GC heap after
Heap after GC invocations=8 (full 2):
 PSYoungGen      total 199168K, used 0K [0x00000000d6f80000, 0x00000000e4280000, 0x0000000100000000)
  eden space 189440K, 0% used [0x00000000d6f80000,0x00000000d6f80000,0x00000000e2880000)
  from space 9728K, 0% used [0x00000000e3900000,0x00000000e3900000,0x00000000e4280000)
  to   space 13312K, 0% used [0x00000000e2880000,0x00000000e2880000,0x00000000e3580000)
 ParOldGen       total 90624K, used 20859K [0x0000000084e00000, 0x000000008a680000, 0x00000000d6f80000)
  object space 90624K, 23% used [0x0000000084e00000,0x000000008625ef08,0x000000008a680000)
 Metaspace       used 33794K, capacity 35296K, committed 35416K, reserved 1081344K
  class space    used 4231K, capacity 4520K, committed 4608K, reserved 1048576K
}
Event: 123,683 GC heap before
{Heap before GC invocations=9 (full 2):
 PSYoungGen      total 199168K, used 189440K [0x00000000d6f80000, 0x00000000e4280000, 0x0000000100000000)
  eden space 189440K, 100% used [0x00000000d6f80000,0x00000000e2880000,0x00000000e2880000)
  from space 9728K, 0% used [0x00000000e3900000,0x00000000e3900000,0x00000000e4280000)
  to   space 13312K, 0% used [0x00000000e2880000,0x00000000e2880000,0x00000000e3580000)
 ParOldGen       total 90624K, used 20859K [0x0000000084e00000, 0x000000008a680000, 0x00000000d6f80000)
  object space 90624K, 23% used [0x0000000084e00000,0x000000008625ef08,0x000000008a680000)
 Metaspace       used 54859K, capacity 57310K, committed 57472K, reserved 1099776K
  class space    used 7307K, capacity 7749K, committed 7808K, reserved 1048576K

